#
# A fatal error has been detected by the Java Runtime Environment:
#
#  EXCEPTION_ACCESS_VIOLATION (0xc0000005) at pc=0x00007ffa9598c510, pid=10476, tid=18824
#
# JRE version: Java(TM) SE Runtime Environment (18.0.2.1+1) (build 18.0.2.1+1-1)
# Java VM: Java HotSpot(TM) 64-Bit Server VM (18.0.2.1+1-1, mixed mode, sharing, tiered, compressed oops, compressed class ptrs, g1 gc, windows-amd64)
# Problematic frame:
# V  [jvm.dll+0x32c510]
#
# No core dump will be written. Minidumps are not enabled by default on client versions of Windows
#
# If you would like to submit a bug report, please visit:
#   https://bugreport.java.com/bugreport/crash.jsp
#

---------------  S U M M A R Y ------------

Command Line: -Dfile.encoding=UTF-8 -Dstdout.encoding=UTF-8 -Dstderr.encoding=UTF-8 -XX:+ShowCodeDetailsInExceptionMessages TimeTableTestRunner

Host: 13th Gen Intel(R) Core(TM) i7-13700F, 16 cores, 31G,  Windows 10 , 64 bit Build 19041 (10.0.19041.3636)
Time: Sat May 11 15:17:29 2024 Caucasus Standard Time elapsed time: 110.720018 seconds (0d 0h 1m 50s)

---------------  T H R E A D  ---------------

Current thread (0x000001b4e4297550):  WorkerThread "GC Thread#3" [stack: 0x000000775fd20000,0x000000775fe20000] [id=18824]

Stack: [0x000000775fd20000,0x000000775fe20000],  sp=0x000000775fe1f8a0,  free space=1022k
Native frames: (J=compiled Java code, j=interpreted, Vv=VM code, C=native code)
V  [jvm.dll+0x32c510]
V  [jvm.dll+0x324f3b]
V  [jvm.dll+0x324622]
V  [jvm.dll+0x325698]
V  [jvm.dll+0x33d60f]
V  [jvm.dll+0x33df0a]
V  [jvm.dll+0x33e007]
V  [jvm.dll+0x33eeeb]
V  [jvm.dll+0x820904]
V  [jvm.dll+0x7a120a]
V  [jvm.dll+0x698255]
C  [ucrtbase.dll+0x21bb2]
C  [KERNEL32.DLL+0x17344]
C  [ntdll.dll+0x526b1]


siginfo: EXCEPTION_ACCESS_VIOLATION (0xc0000005), reading address 0x000000059168cb48


Register to memory mapping:

RIP=0x00007ffa9598c510 jvm.dll
RAX=0xffffffffb2dfc5a7 is an unknown value
RBX=0x0000000000000001 is an unknown value
RCX=0x000001b4e522c0f0 points into unknown readable memory: 0x00007ffa95f84e40 | 40 4e f8 95 fa 7f 00 00
RDX=
[error occurred during error reporting (printing register info), id 0xc0000005, EXCEPTION_ACCESS_VIOLATION (0xc0000005) at pc=0x00007ffa959504c3]

Registers:
RAX=0xffffffffb2dfc5a7, RBX=0x0000000000000001, RCX=0x000001b4e522c0f0, RDX=0x0000000613717d58
RSP=0x000000775fe1f8a0, RBP=0x000001b4e522c0f0, RSI=0x000000059168cb48, RDI=0x0000000000000001
R8 =0x00000008000050d0, R9 =0x0000000000000008, R10=0xffffffffb22d0f4f, R11=0x0000000000000042
R12=0x000000000016572a, R13=0x00000008000050d0, R14=0x0000000596fe7e08, R15=0x0000000613717d58
RIP=0x00007ffa9598c510, EFLAGS=0x0000000000010283

Top of Stack: (sp=0x000000775fe1f8a0)
0x000000775fe1f8a0:   00000008000050d0 0000000000000000
0x000000775fe1f8b0:   000001b4d43d69e0 000001b4e522bf70
0x000000775fe1f8c0:   000001b4e522bf70 000001b4e522bf70
0x000000775fe1f8d0:   0000000000000001 00007ffa95984f3b
0x000000775fe1f8e0:   0000000000000001 0000000613717d58
0x000000775fe1f8f0:   0000000000000000 00007ffa9598305f
0x000000775fe1f900:   00000006113f2d00 000001b4e5220100
0x000000775fe1f910:   000001b4e522bf70 0000000613717d58
0x000000775fe1f920:   0000000613717d58 000000000016572a
0x000000775fe1f930:   0000000000000000 00007ffa95984622
0x000000775fe1f940:   0000000000000000 0000000000000001
0x000000775fe1f950:   000001b4e522bf70 0000000000000000
0x000000775fe1f960:   0000000600000000 00007ffa00000000
0x000000775fe1f970:   000001b4d43d69e0 000001b4d43d63e0
0x000000775fe1f980:   0000007700000000 00007ffa95e0f53e
0x000000775fe1f990:   000001b4e522c0f0 0000000000000000 

Instructions: (pc=0x00007ffa9598c510)
0x00007ffa9598c410:   0f 82 7a ff ff ff 48 63 1d f3 8a 80 00 49 8b cf
0x00007ffa9598c420:   49 03 df e8 18 8e 08 00 48 63 c8 48 8d 34 8b 48
0x00007ffa9598c430:   3b de 73 66 8b 03 85 c0 74 57 8b 0d 60 35 79 00
0x00007ffa9598c440:   8b d0 48 d3 e2 48 03 15 4c 35 79 00 8b 0d de 80
0x00007ffa9598c450:   80 00 48 8b c2 48 33 c3 48 d3 e8 48 85 c0 74 31
0x00007ffa9598c460:   48 8b 47 10 8b 88 48 02 00 00 48 8b 80 38 02 00
0x00007ffa9598c470:   00 48 d3 ea 48 8b 0c d0 48 8b 49 40 83 b9 98 00
0x00007ffa9598c480:   00 00 00 74 0c 44 8b 47 18 48 8b d3 e8 bf 4b 00
0x00007ffa9598c490:   00 48 83 c3 04 48 3b de 72 9a 48 8b 5c 24 40 48
0x00007ffa9598c4a0:   8b 6c 24 48 48 8b 74 24 50 48 83 c4 20 41 5f 41
0x00007ffa9598c4b0:   5e 5f c3 cc cc cc cc cc cc cc cc cc cc cc cc cc
0x00007ffa9598c4c0:   48 89 5c 24 08 48 89 6c 24 10 48 89 74 24 18 57
0x00007ffa9598c4d0:   41 56 41 57 48 83 ec 20 4d 63 90 a0 00 00 00 4c
0x00007ffa9598c4e0:   8b fa 4d 63 88 14 01 00 00 49 83 c2 37 41 8b 80
0x00007ffa9598c4f0:   10 01 00 00 4d 03 d1 49 03 c2 48 8b e9 4b 8d 34
0x00007ffa9598c500:   d0 4d 8d 34 c0 49 3b f6 0f 83 7c 00 00 00 66 90
0x00007ffa9598c510:   48 63 1e 8b 46 04 49 03 df 48 8d 3c 83 48 3b df
0x00007ffa9598c520:   73 5f 8b 03 85 c0 74 50 8b 0d 72 34 79 00 8b d0
0x00007ffa9598c530:   48 d3 e2 48 03 15 5e 34 79 00 74 3c 8b 0d ee 7f
0x00007ffa9598c540:   80 00 48 8b c2 48 33 c3 48 d3 e8 48 85 c0 74 28
0x00007ffa9598c550:   48 8b 45 10 44 8b 45 18 8b 88 48 02 00 00 48 8b
0x00007ffa9598c560:   80 38 02 00 00 48 d3 ea 48 8b 0c d0 48 8b d3 48
0x00007ffa9598c570:   8b 49 40 e8 d8 4a 00 00 48 83 c3 04 48 3b df 72
0x00007ffa9598c580:   a1 48 83 c6 08 49 3b f6 72 86 48 63 1d 7f 89 80
0x00007ffa9598c590:   00 49 8b cf 49 03 df e8 a4 8c 08 00 48 63 c8 48
0x00007ffa9598c5a0:   8d 3c 8b 48 3b df 73 5f 8b 03 85 c0 74 50 8b 0d
0x00007ffa9598c5b0:   ec 33 79 00 8b d0 48 d3 e2 48 03 15 d8 33 79 00
0x00007ffa9598c5c0:   74 3c 8b 0d 68 7f 80 00 48 8b c2 48 33 c3 48 d3
0x00007ffa9598c5d0:   e8 48 85 c0 74 28 48 8b 45 10 44 8b 45 18 8b 88
0x00007ffa9598c5e0:   48 02 00 00 48 8b 80 38 02 00 00 48 d3 ea 48 8b
0x00007ffa9598c5f0:   0c d0 48 8b d3 48 8b 49 40 e8 52 4a 00 00 48 83
0x00007ffa9598c600:   c3 04 48 3b df 72 a1 48 8b 5c 24 40 48 8b 6c 24 


Stack slot to memory mapping:
stack at sp + 0 slots: {method} {0x00000008000050d8} 'write' '([B)V' in 'java/io/PrintStream'
stack at sp + 1 slots: 0x0 is NULL
stack at sp + 2 slots: 0x000001b4d43d69e0 points into unknown readable memory: 0x0000000613400000 | 00 00 40 13 06 00 00 00
stack at sp + 3 slots: 0x000001b4e522bf70 points into unknown readable memory: 0x00007ffa95f84e90 | 90 4e f8 95 fa 7f 00 00
stack at sp + 4 slots: 0x000001b4e522bf70 points into unknown readable memory: 0x00007ffa95f84e90 | 90 4e f8 95 fa 7f 00 00
stack at sp + 5 slots: 0x000001b4e522bf70 points into unknown readable memory: 0x00007ffa95f84e90 | 90 4e f8 95 fa 7f 00 00
stack at sp + 6 slots: 0x0000000000000001 is an unknown value
stack at sp + 7 slots: 0x00007ffa95984f3b jvm.dll


---------------  P R O C E S S  ---------------

Threads class SMR info:
_java_thread_list=0x000001b4db75da80, length=18, elements={
0x000001b4a83377b0, 0x000001b4d453d8e0, 0x000001b4d453ebf0, 0x000001b4d455b560,
0x000001b4d455be10, 0x000001b4d455d470, 0x000001b4d4560c60, 0x000001b4d4584b50,
0x000001b4d4585be0, 0x000001b4d458b6c0, 0x000001b4db68d580, 0x000001b4db68f4e0,
0x000001b4db894010, 0x000001b4db896f90, 0x000001b4db89e330, 0x000001b4dc376040,
0x000001b4dc376510, 0x000001b4dc377d20
}

Java Threads: ( => current thread )
  0x000001b4a83377b0 JavaThread "main" [_thread_in_native, id=6212, stack(0x000000775d600000,0x000000775d700000)]
  0x000001b4d453d8e0 JavaThread "Reference Handler" daemon [_thread_blocked, id=26332, stack(0x000000775dd00000,0x000000775de00000)]
  0x000001b4d453ebf0 JavaThread "Finalizer" daemon [_thread_blocked, id=24812, stack(0x000000775de00000,0x000000775df00000)]
  0x000001b4d455b560 JavaThread "Signal Dispatcher" daemon [_thread_blocked, id=5640, stack(0x000000775df00000,0x000000775e000000)]
  0x000001b4d455be10 JavaThread "Attach Listener" daemon [_thread_blocked, id=14004, stack(0x000000775e000000,0x000000775e100000)]
  0x000001b4d455d470 JavaThread "Service Thread" daemon [_thread_blocked, id=13316, stack(0x000000775e100000,0x000000775e200000)]
  0x000001b4d4560c60 JavaThread "Monitor Deflation Thread" daemon [_thread_blocked, id=26244, stack(0x000000775e200000,0x000000775e300000)]
  0x000001b4d4584b50 JavaThread "C2 CompilerThread0" daemon [_thread_blocked, id=25420, stack(0x000000775e300000,0x000000775e400000)]
  0x000001b4d4585be0 JavaThread "C1 CompilerThread0" daemon [_thread_blocked, id=1124, stack(0x000000775e400000,0x000000775e500000)]
  0x000001b4d458b6c0 JavaThread "Sweeper thread" daemon [_thread_blocked, id=3904, stack(0x000000775e500000,0x000000775e600000)]
  0x000001b4db68d580 JavaThread "Notification Thread" daemon [_thread_blocked, id=20500, stack(0x000000775e700000,0x000000775e800000)]
  0x000001b4db68f4e0 JavaThread "Common-Cleaner" daemon [_thread_blocked, id=15376, stack(0x000000775e900000,0x000000775ea00000)]
  0x000001b4db894010 JavaThread "Java2D Disposer" daemon [_thread_blocked, id=25524, stack(0x000000775ea00000,0x000000775eb00000)]
  0x000001b4db896f90 JavaThread "AWT-Shutdown" [_thread_blocked, id=5588, stack(0x000000775eb00000,0x000000775ec00000)]
  0x000001b4db89e330 JavaThread "AWT-Windows" daemon [_thread_blocked, id=2840, stack(0x000000775ec00000,0x000000775ed00000)]
  0x000001b4dc376040 JavaThread "AWT-EventQueue-0" [_thread_blocked, id=26460, stack(0x000000775f010000,0x000000775f110000)]
  0x000001b4dc376510 JavaThread "D3D Screen Updater" daemon [_thread_blocked, id=27380, stack(0x000000775f410000,0x000000775f510000)]
  0x000001b4dc377d20 JavaThread "TimerQueue" daemon [_thread_blocked, id=15552, stack(0x000000775f620000,0x000000775f720000)]

Other Threads:
  0x000001b4d4537c10 VMThread "VM Thread" [stack: 0x000000775dc00000,0x000000775dd00000] [id=2972]
  0x000001b4db68f270 WatcherThread "VM Periodic Task Thread" [stack: 0x000000775e800000,0x000000775e900000] [id=18612]
  0x000001b4a83e99f0 WorkerThread "GC Thread#0" [stack: 0x000000775d700000,0x000000775d800000] [id=25392]
  0x000001b4e39811e0 WorkerThread "GC Thread#1" [stack: 0x000000775fa20000,0x000000775fb20000] [id=5184]
  0x000001b4e3d8c9b0 WorkerThread "GC Thread#2" [stack: 0x000000775fb20000,0x000000775fc20000] [id=8372]
=>0x000001b4e4297550 WorkerThread "GC Thread#3" [stack: 0x000000775fd20000,0x000000775fe20000] [id=18824]
  0x000001b4e423a020 WorkerThread "GC Thread#4" [stack: 0x000000775fe20000,0x000000775ff20000] [id=1840]
  0x000001b4e3f3eca0 WorkerThread "GC Thread#5" [stack: 0x000000775ff20000,0x0000007760020000] [id=21608]
  0x000001b4e3ec3cd0 WorkerThread "GC Thread#6" [stack: 0x0000007760020000,0x0000007760120000] [id=22680]
  0x000001b4e3ec4750 WorkerThread "GC Thread#7" [stack: 0x0000007760120000,0x0000007760220000] [id=3436]
  0x000001b4e3ec3f70 WorkerThread "GC Thread#8" [stack: 0x0000007760220000,0x0000007760320000] [id=14680]
  0x000001b4e3ec3790 WorkerThread "GC Thread#9" [stack: 0x0000007760320000,0x0000007760420000] [id=26284]
  0x000001b4e3ec34f0 WorkerThread "GC Thread#10" [stack: 0x0000007760420000,0x0000007760520000] [id=11208]
  0x000001b4e3ec4210 WorkerThread "GC Thread#11" [stack: 0x0000007760520000,0x0000007760620000] [id=26844]
  0x000001b4a83fde90 ConcurrentGCThread "G1 Main Marker" [stack: 0x000000775d800000,0x000000775d900000] [id=25468]
  0x000001b4a83fe790 WorkerThread "G1 Conc#0" [stack: 0x000000775d900000,0x000000775da00000] [id=116]
  0x000001b4d43f4770 ConcurrentGCThread "G1 Refine#0" [stack: 0x000000775da00000,0x000000775db00000] [id=15768]
  0x000001b4d43f4f90 ConcurrentGCThread "G1 Service" [stack: 0x000000775db00000,0x000000775dc00000] [id=5832]

Threads with active compile tasks:

VM state: at safepoint (normal execution)

VM Mutex/Monitor currently owned by a thread:  ([mutex/lock_event])
[0x000001b4a8333210] Threads_lock - owner thread: 0x000001b4d4537c10
[0x000001b4a8333570] Heap_lock - owner thread: 0x000001b4dc376510

Heap address: 0x0000000602c00000, size: 8148 MB, Compressed Oops mode: Zero based, Oop shift amount: 3

CDS archive(s) mapped at: [0x0000000800000000-0x0000000800ba0000-0x0000000800ba0000), size 12189696, SharedBaseAddress: 0x0000000800000000, ArchiveRelocationMode: 0.
Compressed class space mapped at: 0x0000000800c00000-0x0000000840c00000, reserved size: 1073741824
Narrow klass base: 0x0000000800000000, Narrow klass shift: 0, Narrow klass range: 0x100000000

GC Precious Log:
 CardTable entry size: 512
 Card Set container configuration: InlinePtr #cards 4 size 8 Array Of Cards #cards 32 size 80 Howl #buckets 8 coarsen threshold 7372 Howl Bitmap #cards 1024 size 144 coarsen threshold 921 Card regions per heap region 1 cards per card region 8192
 CPUs: 16 total, 16 available
 Memory: 32581M
 Large Page Support: Disabled
 NUMA Support: Disabled
 Compressed Oops: Enabled (Zero based)
 Heap Region Size: 4M
 Heap Min Capacity: 8M
 Heap Initial Capacity: 512M
 Heap Max Capacity: 8148M
 Pre-touch: Disabled
 Parallel Workers: 13
 Concurrent Workers: 3
 Concurrent Refinement Workers: 13
 Periodic GC: Disabled

Heap:
 garbage-first heap   total 524288K, used 329824K [0x0000000602c00000, 0x0000000800000000)
  region size 4096K, 74 young (303104K), 4 survivors (16384K)
 Metaspace       used 9387K, committed 9664K, reserved 1114112K
  class space    used 891K, committed 1024K, reserved 1048576K

Heap Regions: E=young(eden), S=young(survivor), O=old, HS=humongous(starts), HC=humongous(continues), CS=collection set, F=free, OA=open archive, CA=closed archive, TAMS=top-at-mark-start (previous, next)
|   0|0x0000000602c00000, 0x0000000603000000, 0x0000000603000000|100%| O|  |TAMS 0x0000000602c00000, 0x0000000602c00000| Untracked 
|   1|0x0000000603000000, 0x0000000603400000, 0x0000000603400000|100%| O|  |TAMS 0x0000000603000000, 0x0000000603000000| Untracked 
|   2|0x0000000603400000, 0x0000000603800000, 0x0000000603800000|100%| O|  |TAMS 0x0000000603400000, 0x0000000603400000| Untracked 
|   3|0x0000000603800000, 0x0000000603c00000, 0x0000000603c00000|100%| O|  |TAMS 0x0000000603800000, 0x0000000603800000| Untracked 
|   4|0x0000000603c00000, 0x0000000604000000, 0x0000000604000000|100%| O|  |TAMS 0x0000000603c00000, 0x0000000603c00000| Untracked 
|   5|0x0000000604000000, 0x0000000604400000, 0x0000000604400000|100%| O|  |TAMS 0x0000000604000000, 0x0000000604000000| Untracked 
|   6|0x0000000604400000, 0x0000000604800000, 0x0000000604800000|100%| O|  |TAMS 0x0000000604400000, 0x0000000604400000| Untracked 
|   7|0x0000000604800000, 0x0000000604800000, 0x0000000604c00000|  0%| F|  |TAMS 0x0000000604800000, 0x0000000604800000| Untracked 
|   8|0x0000000604c00000, 0x0000000604c00000, 0x0000000605000000|  0%| F|  |TAMS 0x0000000604c00000, 0x0000000604c00000| Untracked 
|   9|0x0000000605000000, 0x0000000605000000, 0x0000000605400000|  0%| F|  |TAMS 0x0000000605000000, 0x0000000605000000| Untracked 
|  10|0x0000000605400000, 0x0000000605400000, 0x0000000605800000|  0%| F|  |TAMS 0x0000000605400000, 0x0000000605400000| Untracked 
|  11|0x0000000605800000, 0x0000000605800000, 0x0000000605c00000|  0%| F|  |TAMS 0x0000000605800000, 0x0000000605800000| Untracked 
|  12|0x0000000605c00000, 0x0000000605c00000, 0x0000000606000000|  0%| F|  |TAMS 0x0000000605c00000, 0x0000000605c00000| Untracked 
|  13|0x0000000606000000, 0x0000000606000000, 0x0000000606400000|  0%| F|  |TAMS 0x0000000606000000, 0x0000000606000000| Untracked 
|  14|0x0000000606400000, 0x0000000606400000, 0x0000000606800000|  0%| F|  |TAMS 0x0000000606400000, 0x0000000606400000| Untracked 
|  15|0x0000000606800000, 0x0000000606800000, 0x0000000606c00000|  0%| F|  |TAMS 0x0000000606800000, 0x0000000606800000| Untracked 
|  16|0x0000000606c00000, 0x0000000606c00000, 0x0000000607000000|  0%| F|  |TAMS 0x0000000606c00000, 0x0000000606c00000| Untracked 
|  17|0x0000000607000000, 0x0000000607000000, 0x0000000607400000|  0%| F|  |TAMS 0x0000000607000000, 0x0000000607000000| Untracked 
|  18|0x0000000607400000, 0x0000000607400000, 0x0000000607800000|  0%| F|  |TAMS 0x0000000607400000, 0x0000000607400000| Untracked 
|  19|0x0000000607800000, 0x0000000607800000, 0x0000000607c00000|  0%| F|  |TAMS 0x0000000607800000, 0x0000000607800000| Untracked 
|  20|0x0000000607c00000, 0x0000000607c00000, 0x0000000608000000|  0%| F|  |TAMS 0x0000000607c00000, 0x0000000607c00000| Untracked 
|  21|0x0000000608000000, 0x0000000608000000, 0x0000000608400000|  0%| F|  |TAMS 0x0000000608000000, 0x0000000608000000| Untracked 
|  22|0x0000000608400000, 0x0000000608400000, 0x0000000608800000|  0%| F|  |TAMS 0x0000000608400000, 0x0000000608400000| Untracked 
|  23|0x0000000608800000, 0x0000000608800000, 0x0000000608c00000|  0%| F|  |TAMS 0x0000000608800000, 0x0000000608800000| Untracked 
|  24|0x0000000608c00000, 0x0000000608c00000, 0x0000000609000000|  0%| F|  |TAMS 0x0000000608c00000, 0x0000000608c00000| Untracked 
|  25|0x0000000609000000, 0x0000000609000000, 0x0000000609400000|  0%| F|  |TAMS 0x0000000609000000, 0x0000000609000000| Untracked 
|  26|0x0000000609400000, 0x0000000609400000, 0x0000000609800000|  0%| F|  |TAMS 0x0000000609400000, 0x0000000609400000| Untracked 
|  27|0x0000000609800000, 0x0000000609800000, 0x0000000609c00000|  0%| F|  |TAMS 0x0000000609800000, 0x0000000609800000| Untracked 
|  28|0x0000000609c00000, 0x0000000609c00000, 0x000000060a000000|  0%| F|  |TAMS 0x0000000609c00000, 0x0000000609c00000| Untracked 
|  29|0x000000060a000000, 0x000000060a000000, 0x000000060a400000|  0%| F|  |TAMS 0x000000060a000000, 0x000000060a000000| Untracked 
|  30|0x000000060a400000, 0x000000060a400000, 0x000000060a800000|  0%| F|  |TAMS 0x000000060a400000, 0x000000060a400000| Untracked 
|  31|0x000000060a800000, 0x000000060a800000, 0x000000060ac00000|  0%| F|  |TAMS 0x000000060a800000, 0x000000060a800000| Untracked 
|  32|0x000000060ac00000, 0x000000060ac00000, 0x000000060b000000|  0%| F|  |TAMS 0x000000060ac00000, 0x000000060ac00000| Untracked 
|  33|0x000000060b000000, 0x000000060b000000, 0x000000060b400000|  0%| F|  |TAMS 0x000000060b000000, 0x000000060b000000| Untracked 
|  34|0x000000060b400000, 0x000000060b400000, 0x000000060b800000|  0%| F|  |TAMS 0x000000060b400000, 0x000000060b400000| Untracked 
|  35|0x000000060b800000, 0x000000060b800000, 0x000000060bc00000|  0%| F|  |TAMS 0x000000060b800000, 0x000000060b800000| Untracked 
|  36|0x000000060bc00000, 0x000000060bc00000, 0x000000060c000000|  0%| F|  |TAMS 0x000000060bc00000, 0x000000060bc00000| Untracked 
|  37|0x000000060c000000, 0x000000060c000000, 0x000000060c400000|  0%| F|  |TAMS 0x000000060c000000, 0x000000060c000000| Untracked 
|  38|0x000000060c400000, 0x000000060c400000, 0x000000060c800000|  0%| F|  |TAMS 0x000000060c400000, 0x000000060c400000| Untracked 
|  39|0x000000060c800000, 0x000000060c800000, 0x000000060cc00000|  0%| F|  |TAMS 0x000000060c800000, 0x000000060c800000| Untracked 
|  40|0x000000060cc00000, 0x000000060cc00000, 0x000000060d000000|  0%| F|  |TAMS 0x000000060cc00000, 0x000000060cc00000| Untracked 
|  41|0x000000060d000000, 0x000000060d000000, 0x000000060d400000|  0%| F|  |TAMS 0x000000060d000000, 0x000000060d000000| Untracked 
|  42|0x000000060d400000, 0x000000060d400000, 0x000000060d800000|  0%| F|  |TAMS 0x000000060d400000, 0x000000060d400000| Untracked 
|  43|0x000000060d800000, 0x000000060d800000, 0x000000060dc00000|  0%| F|  |TAMS 0x000000060d800000, 0x000000060d800000| Untracked 
|  44|0x000000060dc00000, 0x000000060dc00000, 0x000000060e000000|  0%| F|  |TAMS 0x000000060dc00000, 0x000000060dc00000| Untracked 
|  45|0x000000060e000000, 0x000000060e000000, 0x000000060e400000|  0%| F|  |TAMS 0x000000060e000000, 0x000000060e000000| Untracked 
|  46|0x000000060e400000, 0x000000060e62c3b0, 0x000000060e800000| 54%| E|CS|TAMS 0x000000060e400000, 0x000000060e400000| Complete 
|  47|0x000000060e800000, 0x000000060e800000, 0x000000060ec00000|  0%| F|  |TAMS 0x000000060e800000, 0x000000060e800000| Untracked 
|  48|0x000000060ec00000, 0x000000060ec00000, 0x000000060f000000|  0%| F|  |TAMS 0x000000060ec00000, 0x000000060ec00000| Untracked 
|  49|0x000000060f000000, 0x000000060f400000, 0x000000060f400000|100%| S|  |TAMS 0x000000060f000000, 0x000000060f000000| Complete 
|  50|0x000000060f400000, 0x000000060f800000, 0x000000060f800000|100%| S|  |TAMS 0x000000060f400000, 0x000000060f400000| Complete 
|  51|0x000000060f800000, 0x000000060fc00000, 0x000000060fc00000|100%| S|  |TAMS 0x000000060f800000, 0x000000060f800000| Complete 
|  52|0x000000060fc00000, 0x0000000610000000, 0x0000000610000000|100%| E|CS|TAMS 0x000000060fc00000, 0x000000060fc00000| Complete 
|  53|0x0000000610000000, 0x0000000610400000, 0x0000000610400000|100%| E|CS|TAMS 0x0000000610000000, 0x0000000610000000| Complete 
|  54|0x0000000610400000, 0x0000000610800000, 0x0000000610800000|100%| E|CS|TAMS 0x0000000610400000, 0x0000000610400000| Complete 
|  55|0x0000000610800000, 0x0000000610c00000, 0x0000000610c00000|100%| E|CS|TAMS 0x0000000610800000, 0x0000000610800000| Complete 
|  56|0x0000000610c00000, 0x0000000611000000, 0x0000000611000000|100%| E|CS|TAMS 0x0000000610c00000, 0x0000000610c00000| Complete 
|  57|0x0000000611000000, 0x0000000611400000, 0x0000000611400000|100%| S|  |TAMS 0x0000000611000000, 0x0000000611000000| Complete 
|  58|0x0000000611400000, 0x0000000611800000, 0x0000000611800000|100%| E|CS|TAMS 0x0000000611400000, 0x0000000611400000| Complete 
|  59|0x0000000611800000, 0x0000000611c00000, 0x0000000611c00000|100%| E|CS|TAMS 0x0000000611800000, 0x0000000611800000| Complete 
|  60|0x0000000611c00000, 0x0000000612000000, 0x0000000612000000|100%| E|CS|TAMS 0x0000000611c00000, 0x0000000611c00000| Complete 
|  61|0x0000000612000000, 0x0000000612400000, 0x0000000612400000|100%| E|CS|TAMS 0x0000000612000000, 0x0000000612000000| Complete 
|  62|0x0000000612400000, 0x0000000612800000, 0x0000000612800000|100%| E|CS|TAMS 0x0000000612400000, 0x0000000612400000| Complete 
|  63|0x0000000612800000, 0x0000000612c00000, 0x0000000612c00000|100%| E|CS|TAMS 0x0000000612800000, 0x0000000612800000| Complete 
|  64|0x0000000612c00000, 0x0000000613000000, 0x0000000613000000|100%| E|CS|TAMS 0x0000000612c00000, 0x0000000612c00000| Complete 
|  65|0x0000000613000000, 0x0000000613400000, 0x0000000613400000|100%| E|CS|TAMS 0x0000000613000000, 0x0000000613000000| Complete 
|  66|0x0000000613400000, 0x0000000613800000, 0x0000000613800000|100%| E|CS|TAMS 0x0000000613400000, 0x0000000613400000| Complete 
|  67|0x0000000613800000, 0x0000000613c00000, 0x0000000613c00000|100%| E|CS|TAMS 0x0000000613800000, 0x0000000613800000| Complete 
|  68|0x0000000613c00000, 0x0000000614000000, 0x0000000614000000|100%| E|CS|TAMS 0x0000000613c00000, 0x0000000613c00000| Complete 
|  69|0x0000000614000000, 0x0000000614400000, 0x0000000614400000|100%| E|CS|TAMS 0x0000000614000000, 0x0000000614000000| Complete 
|  70|0x0000000614400000, 0x0000000614800000, 0x0000000614800000|100%| E|CS|TAMS 0x0000000614400000, 0x0000000614400000| Complete 
|  71|0x0000000614800000, 0x0000000614c00000, 0x0000000614c00000|100%| E|CS|TAMS 0x0000000614800000, 0x0000000614800000| Complete 
|  72|0x0000000614c00000, 0x0000000615000000, 0x0000000615000000|100%| E|CS|TAMS 0x0000000614c00000, 0x0000000614c00000| Complete 
|  73|0x0000000615000000, 0x0000000615400000, 0x0000000615400000|100%| E|CS|TAMS 0x0000000615000000, 0x0000000615000000| Complete 
|  74|0x0000000615400000, 0x0000000615800000, 0x0000000615800000|100%| E|CS|TAMS 0x0000000615400000, 0x0000000615400000| Complete 
|  75|0x0000000615800000, 0x0000000615c00000, 0x0000000615c00000|100%| E|CS|TAMS 0x0000000615800000, 0x0000000615800000| Complete 
|  76|0x0000000615c00000, 0x0000000616000000, 0x0000000616000000|100%| E|CS|TAMS 0x0000000615c00000, 0x0000000615c00000| Complete 
|  77|0x0000000616000000, 0x0000000616400000, 0x0000000616400000|100%| E|CS|TAMS 0x0000000616000000, 0x0000000616000000| Complete 
|  78|0x0000000616400000, 0x0000000616800000, 0x0000000616800000|100%| E|CS|TAMS 0x0000000616400000, 0x0000000616400000| Complete 
|  79|0x0000000616800000, 0x0000000616c00000, 0x0000000616c00000|100%| E|CS|TAMS 0x0000000616800000, 0x0000000616800000| Complete 
|  80|0x0000000616c00000, 0x0000000617000000, 0x0000000617000000|100%| E|CS|TAMS 0x0000000616c00000, 0x0000000616c00000| Complete 
|  81|0x0000000617000000, 0x0000000617400000, 0x0000000617400000|100%| E|CS|TAMS 0x0000000617000000, 0x0000000617000000| Complete 
|  82|0x0000000617400000, 0x0000000617800000, 0x0000000617800000|100%| E|CS|TAMS 0x0000000617400000, 0x0000000617400000| Complete 
|  83|0x0000000617800000, 0x0000000617c00000, 0x0000000617c00000|100%| E|CS|TAMS 0x0000000617800000, 0x0000000617800000| Complete 
|  84|0x0000000617c00000, 0x0000000618000000, 0x0000000618000000|100%| E|CS|TAMS 0x0000000617c00000, 0x0000000617c00000| Complete 
|  85|0x0000000618000000, 0x0000000618400000, 0x0000000618400000|100%| E|CS|TAMS 0x0000000618000000, 0x0000000618000000| Complete 
|  86|0x0000000618400000, 0x0000000618800000, 0x0000000618800000|100%| E|CS|TAMS 0x0000000618400000, 0x0000000618400000| Complete 
|  87|0x0000000618800000, 0x0000000618c00000, 0x0000000618c00000|100%| E|CS|TAMS 0x0000000618800000, 0x0000000618800000| Complete 
|  88|0x0000000618c00000, 0x0000000619000000, 0x0000000619000000|100%| E|CS|TAMS 0x0000000618c00000, 0x0000000618c00000| Complete 
|  89|0x0000000619000000, 0x0000000619400000, 0x0000000619400000|100%| E|CS|TAMS 0x0000000619000000, 0x0000000619000000| Complete 
|  90|0x0000000619400000, 0x0000000619800000, 0x0000000619800000|100%| E|CS|TAMS 0x0000000619400000, 0x0000000619400000| Complete 
|  91|0x0000000619800000, 0x0000000619c00000, 0x0000000619c00000|100%| E|CS|TAMS 0x0000000619800000, 0x0000000619800000| Complete 
|  92|0x0000000619c00000, 0x000000061a000000, 0x000000061a000000|100%| E|CS|TAMS 0x0000000619c00000, 0x0000000619c00000| Complete 
|  93|0x000000061a000000, 0x000000061a400000, 0x000000061a400000|100%| E|CS|TAMS 0x000000061a000000, 0x000000061a000000| Complete 
|  94|0x000000061a400000, 0x000000061a800000, 0x000000061a800000|100%| E|CS|TAMS 0x000000061a400000, 0x000000061a400000| Complete 
|  95|0x000000061a800000, 0x000000061ac00000, 0x000000061ac00000|100%| E|CS|TAMS 0x000000061a800000, 0x000000061a800000| Complete 
|  96|0x000000061ac00000, 0x000000061b000000, 0x000000061b000000|100%| E|CS|TAMS 0x000000061ac00000, 0x000000061ac00000| Complete 
|  97|0x000000061b000000, 0x000000061b400000, 0x000000061b400000|100%| E|CS|TAMS 0x000000061b000000, 0x000000061b000000| Complete 
|  98|0x000000061b400000, 0x000000061b800000, 0x000000061b800000|100%| E|CS|TAMS 0x000000061b400000, 0x000000061b400000| Complete 
|  99|0x000000061b800000, 0x000000061bc00000, 0x000000061bc00000|100%| E|CS|TAMS 0x000000061b800000, 0x000000061b800000| Complete 
| 100|0x000000061bc00000, 0x000000061c000000, 0x000000061c000000|100%| E|CS|TAMS 0x000000061bc00000, 0x000000061bc00000| Complete 
| 101|0x000000061c000000, 0x000000061c400000, 0x000000061c400000|100%| E|CS|TAMS 0x000000061c000000, 0x000000061c000000| Complete 
| 102|0x000000061c400000, 0x000000061c800000, 0x000000061c800000|100%| E|CS|TAMS 0x000000061c400000, 0x000000061c400000| Complete 
| 103|0x000000061c800000, 0x000000061cc00000, 0x000000061cc00000|100%| E|CS|TAMS 0x000000061c800000, 0x000000061c800000| Complete 
| 104|0x000000061cc00000, 0x000000061d000000, 0x000000061d000000|100%| E|CS|TAMS 0x000000061cc00000, 0x000000061cc00000| Complete 
| 105|0x000000061d000000, 0x000000061d400000, 0x000000061d400000|100%| E|CS|TAMS 0x000000061d000000, 0x000000061d000000| Complete 
| 106|0x000000061d400000, 0x000000061d800000, 0x000000061d800000|100%| E|CS|TAMS 0x000000061d400000, 0x000000061d400000| Complete 
| 107|0x000000061d800000, 0x000000061dc00000, 0x000000061dc00000|100%| E|CS|TAMS 0x000000061d800000, 0x000000061d800000| Complete 
| 108|0x000000061dc00000, 0x000000061e000000, 0x000000061e000000|100%| E|CS|TAMS 0x000000061dc00000, 0x000000061dc00000| Complete 
| 109|0x000000061e000000, 0x000000061e400000, 0x000000061e400000|100%| E|CS|TAMS 0x000000061e000000, 0x000000061e000000| Complete 
| 110|0x000000061e400000, 0x000000061e800000, 0x000000061e800000|100%| E|CS|TAMS 0x000000061e400000, 0x000000061e400000| Complete 
| 111|0x000000061e800000, 0x000000061ec00000, 0x000000061ec00000|100%| E|CS|TAMS 0x000000061e800000, 0x000000061e800000| Complete 
| 112|0x000000061ec00000, 0x000000061f000000, 0x000000061f000000|100%| E|CS|TAMS 0x000000061ec00000, 0x000000061ec00000| Complete 
| 113|0x000000061f000000, 0x000000061f400000, 0x000000061f400000|100%| E|CS|TAMS 0x000000061f000000, 0x000000061f000000| Complete 
| 114|0x000000061f400000, 0x000000061f800000, 0x000000061f800000|100%| E|CS|TAMS 0x000000061f400000, 0x000000061f400000| Complete 
| 115|0x000000061f800000, 0x000000061fc00000, 0x000000061fc00000|100%| E|CS|TAMS 0x000000061f800000, 0x000000061f800000| Complete 
| 116|0x000000061fc00000, 0x0000000620000000, 0x0000000620000000|100%| E|CS|TAMS 0x000000061fc00000, 0x000000061fc00000| Complete 
| 117|0x0000000620000000, 0x0000000620400000, 0x0000000620400000|100%| E|CS|TAMS 0x0000000620000000, 0x0000000620000000| Complete 
| 118|0x0000000620400000, 0x0000000620800000, 0x0000000620800000|100%| E|CS|TAMS 0x0000000620400000, 0x0000000620400000| Complete 
| 119|0x0000000620800000, 0x0000000620c00000, 0x0000000620c00000|100%| E|CS|TAMS 0x0000000620800000, 0x0000000620800000| Complete 
| 120|0x0000000620c00000, 0x0000000621000000, 0x0000000621000000|100%| E|CS|TAMS 0x0000000620c00000, 0x0000000620c00000| Complete 
| 121|0x0000000621000000, 0x0000000621400000, 0x0000000621400000|100%| E|CS|TAMS 0x0000000621000000, 0x0000000621000000| Complete 
| 122|0x0000000621400000, 0x0000000621800000, 0x0000000621800000|100%| E|CS|TAMS 0x0000000621400000, 0x0000000621400000| Complete 
| 123|0x0000000621800000, 0x0000000621c00000, 0x0000000621c00000|100%| E|CS|TAMS 0x0000000621800000, 0x0000000621800000| Complete 
| 124|0x0000000621c00000, 0x0000000622000000, 0x0000000622000000|100%| E|CS|TAMS 0x0000000621c00000, 0x0000000621c00000| Complete 
| 125|0x0000000622000000, 0x0000000622400000, 0x0000000622400000|100%| E|CS|TAMS 0x0000000622000000, 0x0000000622000000| Complete 
| 126|0x0000000622400000, 0x0000000622800000, 0x0000000622800000|100%| E|CS|TAMS 0x0000000622400000, 0x0000000622400000| Complete 
| 127|0x0000000622800000, 0x0000000622c00000, 0x0000000622c00000|100%| E|CS|TAMS 0x0000000622800000, 0x0000000622800000| Complete 

Card table byte_map: [0x000001b4c2440000,0x000001b4c3430000] _byte_map_base: 0x000001b4bf42a000

Marking Bits (Prev, Next): (CMBitMap*) 0x000001b4a83ecf30, (CMBitMap*) 0x000001b4a83ecf70
 Prev Bits: [0x000001b4c4420000, 0x000001b4cc370000)
 Next Bits: [0x000001b4cc370000, 0x000001b4d42c0000)

Polling page: 0x000001b4a8400000

Metaspace:

Usage:
  Non-class:      8.30 MB used.
      Class:    891.38 KB used.
       Both:      9.17 MB used.

Virtual space:
  Non-class space:       64.00 MB reserved,       8.44 MB ( 13%) committed,  1 nodes.
      Class space:        1.00 GB reserved,       1.00 MB ( <1%) committed,  1 nodes.
             Both:        1.06 GB reserved,       9.44 MB ( <1%) committed. 

Chunk freelists:
   Non-Class:  3.00 MB
       Class:  2.96 MB
        Both:  5.96 MB

MaxMetaspaceSize: unlimited
CompressedClassSpaceSize: 1.00 GB
Initial GC threshold: 21.00 MB
Current GC threshold: 21.00 MB
CDS: on
MetaspaceReclaimPolicy: balanced
 - commit_granule_bytes: 65536.
 - commit_granule_words: 8192.
 - virtual_space_node_default_size: 8388608.
 - enlarge_chunks_in_place: 1.
 - new_chunks_are_fully_committed: 0.
 - uncommit_free_chunks: 1.
 - use_allocation_guard: 0.


Internal statistics:

num_allocs_failed_limit: 0.
num_arena_births: 176.
num_arena_deaths: 0.
num_vsnodes_births: 2.
num_vsnodes_deaths: 0.
num_space_committed: 151.
num_space_uncommitted: 0.
num_chunks_returned_to_freelist: 0.
num_chunks_taken_from_freelist: 265.
num_chunk_merges: 0.
num_chunk_splits: 143.
num_chunks_enlarged: 39.
num_inconsistent_stats: 0.

CodeHeap 'non-profiled nmethods': size=119168Kb used=2118Kb max_used=2118Kb free=117049Kb
 bounds [0x000001b4b9020000, 0x000001b4b9290000, 0x000001b4c0480000]
CodeHeap 'profiled nmethods': size=119104Kb used=7230Kb max_used=7230Kb free=111873Kb
 bounds [0x000001b4b1bd0000, 0x000001b4b22e0000, 0x000001b4b9020000]
CodeHeap 'non-nmethods': size=7488Kb used=1276Kb max_used=2996Kb free=6212Kb
 bounds [0x000001b4b1480000, 0x000001b4b1780000, 0x000001b4b1bd0000]
 total_blobs=4138 nmethods=3555 adapters=495
 compilation: enabled
              stopped_count=0, restarted_count=0
 full_count=0

Compilation events (20 events):
Event: 108.576 Thread 0x000001b4d4584b50 3546       4       javax.swing.AbstractButton::setDisplayedMnemonicIndex (90 bytes)
Event: 108.576 Thread 0x000001b4d4584b50 nmethod 3546 0x000001b4b922a610 code [0x000001b4b922a780, 0x000001b4b922a858]
Event: 108.576 Thread 0x000001b4d4584b50 3547       4       javax.swing.SwingUtilities::getUIInputMap (32 bytes)
Event: 108.577 Thread 0x000001b4d4584b50 nmethod 3547 0x000001b4b922a990 code [0x000001b4b922ab20, 0x000001b4b922ac58]
Event: 108.595 Thread 0x000001b4d4584b50 3548       4       java.util.Locale::getInstance (55 bytes)
Event: 108.600 Thread 0x000001b4d4584b50 nmethod 3548 0x000001b4b922ad90 code [0x000001b4b922afa0, 0x000001b4b922b810]
Event: 108.948 Thread 0x000001b4d4584b50 3549       4       javax.swing.SwingUtilities::replaceUIActionMap (46 bytes)
Event: 108.950 Thread 0x000001b4d4584b50 nmethod 3549 0x000001b4b922bf90 code [0x000001b4b922c120, 0x000001b4b922c5b8]
Event: 108.965 Thread 0x000001b4d4584b50 3550       4       sun.util.locale.LanguageTag::<init> (50 bytes)
Event: 108.967 Thread 0x000001b4d4584b50 nmethod 3550 0x000001b4b922c790 code [0x000001b4b922c920, 0x000001b4b922cf58]
Event: 108.967 Thread 0x000001b4d4584b50 3551       4       javax.swing.SortingFocusTraversalPolicy::getComponentDownCycle (148 bytes)
Event: 108.967 Thread 0x000001b4d4584b50 nmethod 3551 0x000001b4b922d010 code [0x000001b4b922d1a0, 0x000001b4b922d2d8]
Event: 109.371 Thread 0x000001b4d4584b50 3552       4       javax.swing.text.AbstractDocument$BranchElement::getElementIndex (238 bytes)
Event: 109.374 Thread 0x000001b4d4584b50 nmethod 3552 0x000001b4b922d410 code [0x000001b4b922d600, 0x000001b4b922dcf8]
Event: 110.429 Thread 0x000001b4d4584b50 3553       4       javax.swing.SwingUtilities::layoutCompoundLabelImpl (758 bytes)
Event: 110.436 Thread 0x000001b4d4584b50 nmethod 3553 0x000001b4b922e590 code [0x000001b4b922e7c0, 0x000001b4b922f840]
Event: 110.436 Thread 0x000001b4d4584b50 3554   !   4       sun.swing.SwingUtilities2::stringWidth (110 bytes)
Event: 110.439 Thread 0x000001b4d4584b50 nmethod 3554 0x000001b4b9230810 code [0x000001b4b9230a00, 0x000001b4b9231028]
Event: 110.611 Thread 0x000001b4d4584b50 3555       4       java.util.IdentityHashMap$KeyIterator::next (13 bytes)
Event: 110.611 Thread 0x000001b4d4584b50 nmethod 3555 0x000001b4b9231610 code [0x000001b4b92317a0, 0x000001b4b92318d8]

GC Heap History (20 events):
Event: 59.023 GC heap after
{Heap after GC invocations=13 (full 0):
 garbage-first heap   total 524288K, used 25497K [0x0000000602c00000, 0x0000000800000000)
  region size 4096K, 6 young (24576K), 6 survivors (24576K)
 Metaspace       used 9167K, committed 9408K, reserved 1114112K
  class space    used 890K, committed 1024K, reserved 1048576K
}
Event: 64.631 GC heap before
{Heap before GC invocations=13 (full 0):
 garbage-first heap   total 524288K, used 312217K [0x0000000602c00000, 0x0000000800000000)
  region size 4096K, 76 young (311296K), 6 survivors (24576K)
 Metaspace       used 9276K, committed 9472K, reserved 1114112K
  class space    used 890K, committed 1024K, reserved 1048576K
}
Event: 64.634 GC heap after
{Heap after GC invocations=14 (full 0):
 garbage-first heap   total 524288K, used 26449K [0x0000000602c00000, 0x0000000800000000)
  region size 4096K, 6 young (24576K), 6 survivors (24576K)
 Metaspace       used 9276K, committed 9472K, reserved 1114112K
  class space    used 890K, committed 1024K, reserved 1048576K
}
Event: 69.421 GC heap before
{Heap before GC invocations=14 (full 0):
 garbage-first heap   total 524288K, used 313169K [0x0000000602c00000, 0x0000000800000000)
  region size 4096K, 76 young (311296K), 6 survivors (24576K)
 Metaspace       used 9284K, committed 9472K, reserved 1114112K
  class space    used 890K, committed 1024K, reserved 1048576K
}
Event: 69.424 GC heap after
{Heap after GC invocations=15 (full 0):
 garbage-first heap   total 524288K, used 29397K [0x0000000602c00000, 0x0000000800000000)
  region size 4096K, 6 young (24576K), 6 survivors (24576K)
 Metaspace       used 9284K, committed 9472K, reserved 1114112K
  class space    used 890K, committed 1024K, reserved 1048576K
}
Event: 74.826 GC heap before
{Heap before GC invocations=15 (full 0):
 garbage-first heap   total 524288K, used 316117K [0x0000000602c00000, 0x0000000800000000)
  region size 4096K, 76 young (311296K), 6 survivors (24576K)
 Metaspace       used 9290K, committed 9472K, reserved 1114112K
  class space    used 890K, committed 1024K, reserved 1048576K
}
Event: 74.830 GC heap after
{Heap after GC invocations=16 (full 0):
 garbage-first heap   total 524288K, used 30048K [0x0000000602c00000, 0x0000000800000000)
  region size 4096K, 6 young (24576K), 6 survivors (24576K)
 Metaspace       used 9290K, committed 9472K, reserved 1114112K
  class space    used 890K, committed 1024K, reserved 1048576K
}
Event: 79.780 GC heap before
{Heap before GC invocations=16 (full 0):
 garbage-first heap   total 524288K, used 316768K [0x0000000602c00000, 0x0000000800000000)
  region size 4096K, 76 young (311296K), 6 survivors (24576K)
 Metaspace       used 9294K, committed 9536K, reserved 1114112K
  class space    used 890K, committed 1024K, reserved 1048576K
}
Event: 79.783 GC heap after
{Heap after GC invocations=17 (full 0):
 garbage-first heap   total 524288K, used 32679K [0x0000000602c00000, 0x0000000800000000)
  region size 4096K, 6 young (24576K), 6 survivors (24576K)
 Metaspace       used 9294K, committed 9536K, reserved 1114112K
  class space    used 890K, committed 1024K, reserved 1048576K
}
Event: 84.991 GC heap before
{Heap before GC invocations=17 (full 0):
 garbage-first heap   total 524288K, used 319399K [0x0000000602c00000, 0x0000000800000000)
  region size 4096K, 76 young (311296K), 6 survivors (24576K)
 Metaspace       used 9295K, committed 9536K, reserved 1114112K
  class space    used 890K, committed 1024K, reserved 1048576K
}
Event: 84.994 GC heap after
{Heap after GC invocations=18 (full 0):
 garbage-first heap   total 524288K, used 34616K [0x0000000602c00000, 0x0000000800000000)
  region size 4096K, 6 young (24576K), 6 survivors (24576K)
 Metaspace       used 9295K, committed 9536K, reserved 1114112K
  class space    used 890K, committed 1024K, reserved 1048576K
}
Event: 90.251 GC heap before
{Heap before GC invocations=18 (full 0):
 garbage-first heap   total 524288K, used 321336K [0x0000000602c00000, 0x0000000800000000)
  region size 4096K, 76 young (311296K), 6 survivors (24576K)
 Metaspace       used 9295K, committed 9536K, reserved 1114112K
  class space    used 890K, committed 1024K, reserved 1048576K
}
Event: 90.255 GC heap after
{Heap after GC invocations=19 (full 0):
 garbage-first heap   total 524288K, used 36815K [0x0000000602c00000, 0x0000000800000000)
  region size 4096K, 6 young (24576K), 6 survivors (24576K)
 Metaspace       used 9295K, committed 9536K, reserved 1114112K
  class space    used 890K, committed 1024K, reserved 1048576K
}
Event: 95.438 GC heap before
{Heap before GC invocations=19 (full 0):
 garbage-first heap   total 524288K, used 323535K [0x0000000602c00000, 0x0000000800000000)
  region size 4096K, 76 young (311296K), 6 survivors (24576K)
 Metaspace       used 9379K, committed 9664K, reserved 1114112K
  class space    used 890K, committed 1024K, reserved 1048576K
}
Event: 95.442 GC heap after
{Heap after GC invocations=20 (full 0):
 garbage-first heap   total 524288K, used 39651K [0x0000000602c00000, 0x0000000800000000)
  region size 4096K, 7 young (28672K), 7 survivors (28672K)
 Metaspace       used 9379K, committed 9664K, reserved 1114112K
  class space    used 890K, committed 1024K, reserved 1048576K
}
Event: 100.720 GC heap before
{Heap before GC invocations=20 (full 0):
 garbage-first heap   total 524288K, used 322275K [0x0000000602c00000, 0x0000000800000000)
  region size 4096K, 76 young (311296K), 7 survivors (28672K)
 Metaspace       used 9379K, committed 9664K, reserved 1114112K
  class space    used 890K, committed 1024K, reserved 1048576K
}
Event: 100.724 GC heap after
{Heap after GC invocations=21 (full 0):
 garbage-first heap   total 524288K, used 40734K [0x0000000602c00000, 0x0000000800000000)
  region size 4096K, 6 young (24576K), 6 survivors (24576K)
 Metaspace       used 9379K, committed 9664K, reserved 1114112K
  class space    used 890K, committed 1024K, reserved 1048576K
}
Event: 105.586 GC heap before
{Heap before GC invocations=21 (full 0):
 garbage-first heap   total 524288K, used 327454K [0x0000000602c00000, 0x0000000800000000)
  region size 4096K, 76 young (311296K), 6 survivors (24576K)
 Metaspace       used 9379K, committed 9664K, reserved 1114112K
  class space    used 890K, committed 1024K, reserved 1048576K
}
Event: 105.589 GC heap after
{Heap after GC invocations=22 (full 0):
 garbage-first heap   total 524288K, used 43104K [0x0000000602c00000, 0x0000000800000000)
  region size 4096K, 6 young (24576K), 6 survivors (24576K)
 Metaspace       used 9379K, committed 9664K, reserved 1114112K
  class space    used 890K, committed 1024K, reserved 1048576K
}
Event: 110.714 GC heap before
{Heap before GC invocations=22 (full 0):
 garbage-first heap   total 524288K, used 329824K [0x0000000602c00000, 0x0000000800000000)
  region size 4096K, 76 young (311296K), 6 survivors (24576K)
 Metaspace       used 9387K, committed 9664K, reserved 1114112K
  class space    used 891K, committed 1024K, reserved 1048576K
}

Deoptimization events (20 events):
Event: 78.436 Thread 0x000001b4dc376040 DEOPT PACKING pc=0x000001b4b91ef664 sp=0x000000775f10e590
Event: 78.436 Thread 0x000001b4dc376040 DEOPT UNPACKING pc=0x000001b4b14d23a3 sp=0x000000775f10e558 mode 2
Event: 78.436 Thread 0x000001b4dc376040 Uncommon trap: trap_request=0xffffffbe fr.pc=0x000001b4b91ef664 relative=0x0000000000000d44
Event: 78.436 Thread 0x000001b4dc376040 Uncommon trap: reason=profile_predicate action=maybe_recompile pc=0x000001b4b91ef664 method=javax.swing.SortingFocusTraversalPolicy.mergeSort([Ljava/lang/Object;[Ljava/lang/Object;IIILjava/util/Comparator;)V @ 20 c2
Event: 78.436 Thread 0x000001b4dc376040 DEOPT PACKING pc=0x000001b4b91ef664 sp=0x000000775f10e660
Event: 78.436 Thread 0x000001b4dc376040 DEOPT UNPACKING pc=0x000001b4b14d23a3 sp=0x000000775f10e628 mode 2
Event: 78.597 Thread 0x000001b4dc376040 Uncommon trap: trap_request=0xffffffbe fr.pc=0x000001b4b91ef664 relative=0x0000000000000d44
Event: 78.597 Thread 0x000001b4dc376040 Uncommon trap: reason=profile_predicate action=maybe_recompile pc=0x000001b4b91ef664 method=javax.swing.SortingFocusTraversalPolicy.mergeSort([Ljava/lang/Object;[Ljava/lang/Object;IIILjava/util/Comparator;)V @ 20 c2
Event: 78.597 Thread 0x000001b4dc376040 DEOPT PACKING pc=0x000001b4b91ef664 sp=0x000000775f10e590
Event: 78.597 Thread 0x000001b4dc376040 DEOPT UNPACKING pc=0x000001b4b14d23a3 sp=0x000000775f10e558 mode 2
Event: 78.597 Thread 0x000001b4dc376040 Uncommon trap: trap_request=0xffffffbe fr.pc=0x000001b4b91ef664 relative=0x0000000000000d44
Event: 78.597 Thread 0x000001b4dc376040 Uncommon trap: reason=profile_predicate action=maybe_recompile pc=0x000001b4b91ef664 method=javax.swing.SortingFocusTraversalPolicy.mergeSort([Ljava/lang/Object;[Ljava/lang/Object;IIILjava/util/Comparator;)V @ 20 c2
Event: 78.597 Thread 0x000001b4dc376040 DEOPT PACKING pc=0x000001b4b91ef664 sp=0x000000775f10e660
Event: 78.597 Thread 0x000001b4dc376040 DEOPT UNPACKING pc=0x000001b4b14d23a3 sp=0x000000775f10e628 mode 2
Event: 82.191 Thread 0x000001b4a83377b0 Uncommon trap: trap_request=0xffffffcc fr.pc=0x000001b4b91f5e64 relative=0x00000000000005c4
Event: 82.191 Thread 0x000001b4a83377b0 Uncommon trap: reason=intrinsic_or_type_checked_inlining action=make_not_entrant pc=0x000001b4b91f5e64 method=javax.swing.text.AbstractDocument$BranchElement.replace(II[Ljavax/swing/text/Element;)V @ 87 c2
Event: 82.191 Thread 0x000001b4a83377b0 DEOPT PACKING pc=0x000001b4b91f5e64 sp=0x000000775d6fee30
Event: 82.191 Thread 0x000001b4a83377b0 DEOPT UNPACKING pc=0x000001b4b14d23a3 sp=0x000000775d6fedb0 mode 2
Event: 82.797 Thread 0x000001b4dc376040 DEOPT PACKING pc=0x000001b4b20e4dc1 sp=0x000000775f10dfe0
Event: 82.797 Thread 0x000001b4dc376040 DEOPT UNPACKING pc=0x000001b4b14d2b43 sp=0x000000775f10d480 mode 0

Classes loaded (20 events):
Event: 1.322 Loading class java/awt/event/AWTEventListenerProxy
Event: 1.322 Loading class java/awt/event/AWTEventListenerProxy done
Event: 1.322 Loading class java/awt/Toolkit$SelectiveAWTEventListener
Event: 1.322 Loading class java/awt/Toolkit$SelectiveAWTEventListener done
Event: 1.322 Loading class java/awt/Toolkit$ToolkitEventMulticaster
Event: 1.322 Loading class java/awt/Toolkit$ToolkitEventMulticaster done
Event: 1.322 Loading class java/awt/event/MouseWheelEvent
Event: 1.322 Loading class java/awt/event/MouseWheelEvent done
Event: 1.417 Loading class java/awt/LightweightDispatcher$2
Event: 1.417 Loading class java/awt/LightweightDispatcher$2 done
Event: 2.262 Loading class javax/swing/Timer$1
Event: 2.263 Loading class javax/swing/Timer$1 done
Event: 5.289 Loading class java/lang/invoke/MethodHandle$1
Event: 5.289 Loading class java/lang/invoke/MethodHandle$1 done
Event: 28.602 Loading class java/security/DomainCombiner
Event: 28.603 Loading class java/security/DomainCombiner done
Event: 93.519 Loading class javax/swing/Icon
Event: 93.519 Loading class javax/swing/Icon done
Event: 108.595 Loading class sun/util/locale/LocaleExtensions
Event: 108.595 Loading class sun/util/locale/LocaleExtensions done

Classes unloaded (0 events):
No events

Classes redefined (0 events):
No events

Internal exceptions (16 events):
Event: 0.029 Thread 0x000001b4a83377b0 Exception <a 'java/lang/ClassNotFoundException'{0x0000000622a3d020}: sun/awt/resources/spi/awtProvider> (0x0000000622a3d020) 
thrown [s\open\src\hotspot\share\classfile\systemDictionary.cpp, line 255]
Event: 0.038 Thread 0x000001b4a83377b0 Exception <a 'java/io/FileNotFoundException'{0x0000000622a92540}> (0x0000000622a92540) 
thrown [s\open\src\hotspot\share\prims\jni.cpp, line 516]
Event: 0.040 Thread 0x000001b4a83377b0 Exception <a 'java/io/FileNotFoundException'{0x0000000622abf570}> (0x0000000622abf570) 
thrown [s\open\src\hotspot\share\prims\jni.cpp, line 516]
Event: 0.055 Thread 0x000001b4a83377b0 Exception <a 'java/lang/NoSuchMethodError'{0x0000000622b0a368}: 'java.lang.Object java.lang.invoke.DirectMethodHandle$Holder.invokeStaticInit(java.lang.Object)'> (0x0000000622b0a368) 
thrown [s\open\src\hotspot\share\interpreter\linkResolver.cpp, line 759]
Event: 0.178 Thread 0x000001b4a83377b0 Exception <a 'java/lang/NoSuchMethodError'{0x0000000622b54a18}: 'void java.lang.invoke.DirectMethodHandle$Holder.invokeSpecial(java.lang.Object, java.lang.Object, java.lang.Object)'> (0x0000000622b54a18) 
thrown [s\open\src\hotspot\share\interpreter\linkResolver.cpp, line 759]
Event: 0.181 Thread 0x000001b4a83377b0 Exception <a 'java/lang/NoSuchMethodError'{0x0000000622bfab40}: 'java.lang.Object java.lang.invoke.DirectMethodHandle$Holder.newInvokeSpecial(java.lang.Object, java.lang.Object, java.lang.Object, java.lang.Object, java.lang.Object)'> (0x0000000622bfab40) 
thrown [s\open\src\hotspot\share\interpreter\linkResolver.cpp, line 759]
Event: 0.183 Thread 0x000001b4a83377b0 Exception <a 'java/lang/NoSuchMethodError'{0x000000062242cae0}: 'java.lang.Object java.lang.invoke.DirectMethodHandle$Holder.invokeStatic(java.lang.Object, int, java.lang.Object)'> (0x000000062242cae0) 
thrown [s\open\src\hotspot\share\interpreter\linkResolver.cpp, line 759]
Event: 0.193 Thread 0x000001b4a83377b0 Exception <a 'java/lang/ClassNotFoundException'{0x00000006224e97b8}: com/sun/swing/internal/plaf/metal/resources/spi/metalProvider> (0x00000006224e97b8) 
thrown [s\open\src\hotspot\share\classfile\systemDictionary.cpp, line 255]
Event: 0.193 Thread 0x000001b4a83377b0 Exception <a 'java/lang/ClassNotFoundException'{0x00000006224ed7d0}: com/sun/swing/internal/plaf/basic/resources/spi/basicProvider> (0x00000006224ed7d0) 
thrown [s\open\src\hotspot\share\classfile\systemDictionary.cpp, line 255]
Event: 0.196 Thread 0x000001b4a83377b0 Exception <a 'java/lang/NoSuchMethodError'{0x000000062250e3e8}: 'int java.lang.invoke.Invokers$Holder.invokeExact_MT(java.lang.Object, java.lang.Object)'> (0x000000062250e3e8) 
thrown [s\open\src\hotspot\share\interpreter\linkResolver.cpp, line 759]
Event: 0.230 Thread 0x000001b4a83377b0 Exception <a 'java/lang/NoSuchMethodError'{0x00000006225ae870}: 'void java.lang.invoke.DirectMethodHandle$Holder.invokeStaticInit(java.lang.Object)'> (0x00000006225ae870) 
thrown [s\open\src\hotspot\share\interpreter\linkResolver.cpp, line 759]
Event: 0.257 Thread 0x000001b4db89e330 Exception <a 'java/lang/NoSuchMethodError'{0x0000000622b6c0f0}: 'void java.lang.invoke.DirectMethodHandle$Holder.invokeVirtual(java.lang.Object, java.lang.Object)'> (0x0000000622b6c0f0) 
thrown [s\open\src\hotspot\share\interpreter\linkResolver.cpp, line 759]
Event: 0.279 Thread 0x000001b4a83377b0 Implicit null exception at 0x000001b4b1cf10b4 to 0x000001b4b1cf1248
Event: 0.279 Thread 0x000001b4a83377b0 Exception <a 'java/lang/NullPointerException'{0x00000006227e27f0}> (0x00000006227e27f0) 
thrown [s\open\src\hotspot\share\runtime\sharedRuntime.cpp, line 625]
Event: 0.371 Thread 0x000001b4a83377b0 Exception <a 'java/lang/NoSuchMethodError'{0x0000000621d1d798}: 'java.lang.Object java.lang.invoke.Invokers$Holder.linkToTargetMethod(int, int, int, int, java.lang.Object)'> (0x0000000621d1d798) 
thrown [s\open\src\hotspot\share\interpreter\linkResolver.cpp, line 759]
Event: 0.383 Thread 0x000001b4dc376040 Implicit null exception at 0x000001b4b905362c to 0x000001b4b905367e

VM Operations (20 events):
Event: 100.487 Executing VM operation: Cleanup done
Event: 100.720 Executing VM operation: G1CollectForAllocation
Event: 100.724 Executing VM operation: G1CollectForAllocation done
Event: 101.725 Executing VM operation: Cleanup
Event: 101.725 Executing VM operation: Cleanup done
Event: 102.736 Executing VM operation: Cleanup
Event: 102.736 Executing VM operation: Cleanup done
Event: 103.746 Executing VM operation: Cleanup
Event: 103.746 Executing VM operation: Cleanup done
Event: 104.760 Executing VM operation: Cleanup
Event: 104.760 Executing VM operation: Cleanup done
Event: 105.585 Executing VM operation: G1CollectForAllocation
Event: 105.589 Executing VM operation: G1CollectForAllocation done
Event: 106.594 Executing VM operation: Cleanup
Event: 106.594 Executing VM operation: Cleanup done
Event: 109.626 Executing VM operation: Cleanup
Event: 109.626 Executing VM operation: Cleanup done
Event: 110.641 Executing VM operation: Cleanup
Event: 110.641 Executing VM operation: Cleanup done
Event: 110.714 Executing VM operation: G1CollectForAllocation

Events (20 events):
Event: 33.763 Thread 0x000001b4e42f8b50 Thread exited: 0x000001b4e42f8b50
Event: 33.772 Thread 0x000001b4e3f392b0 Thread exited: 0x000001b4e3f392b0
Event: 37.286 Thread 0x000001b4e4155820 Thread added: 0x000001b4e4155820
Event: 37.286 Thread 0x000001b4e39f75d0 Thread added: 0x000001b4e39f75d0
Event: 37.286 Thread 0x000001b4e39f7ad0 Thread added: 0x000001b4e39f7ad0
Event: 37.945 Thread 0x000001b4e39f7ad0 Thread exited: 0x000001b4e39f7ad0
Event: 38.850 Thread 0x000001b4e39f75d0 Thread exited: 0x000001b4e39f75d0
Event: 39.009 Thread 0x000001b4e4155820 Thread exited: 0x000001b4e4155820
Event: 48.036 Thread 0x000001b4e4283110 Thread added: 0x000001b4e4283110
Event: 48.569 Thread 0x000001b4e4283110 Thread exited: 0x000001b4e4283110
Event: 49.775 Thread 0x000001b4e3fd8f40 Thread added: 0x000001b4e3fd8f40
Event: 49.775 Thread 0x000001b4db7cad70 Thread added: 0x000001b4db7cad70
Event: 50.589 Thread 0x000001b4db7cad70 Thread exited: 0x000001b4db7cad70
Event: 52.444 Thread 0x000001b4e3fd8f40 Thread exited: 0x000001b4e3fd8f40
Event: 93.889 Thread 0x000001b4e424ff40 Thread added: 0x000001b4e424ff40
Event: 93.889 Thread 0x000001b4e4250440 Thread added: 0x000001b4e4250440
Event: 93.889 Thread 0x000001b4e4250940 Thread added: 0x000001b4e4250940
Event: 94.996 Thread 0x000001b4e4250940 Thread exited: 0x000001b4e4250940
Event: 94.996 Thread 0x000001b4e4250440 Thread exited: 0x000001b4e4250440
Event: 97.390 Thread 0x000001b4e424ff40 Thread exited: 0x000001b4e424ff40


Dynamic libraries:
0x00007ff6a45f0000 - 0x00007ff6a4600000 	C:\Program Files\Java\jdk-18.0.2.1\bin\javaw.exe
0x00007ffb12bd0000 - 0x00007ffb12dc8000 	C:\WINDOWS\SYSTEM32\ntdll.dll
0x00007ffb11fd0000 - 0x00007ffb1208d000 	C:\WINDOWS\System32\KERNEL32.DLL
0x00007ffb103b0000 - 0x00007ffb106a6000 	C:\WINDOWS\System32\KERNELBASE.dll
0x00007ffb102b0000 - 0x00007ffb103b0000 	C:\WINDOWS\System32\ucrtbase.dll
0x00007ffb0b5a0000 - 0x00007ffb0b5ba000 	C:\Program Files\Java\jdk-18.0.2.1\bin\VCRUNTIME140.dll
0x00007ffb0a860000 - 0x00007ffb0a878000 	C:\Program Files\Java\jdk-18.0.2.1\bin\jli.dll
0x00007ffb12090000 - 0x00007ffb12140000 	C:\WINDOWS\System32\ADVAPI32.dll
0x00007ffb12200000 - 0x00007ffb1229e000 	C:\WINDOWS\System32\msvcrt.dll
0x00007ffb110f0000 - 0x00007ffb11190000 	C:\WINDOWS\System32\sechost.dll
0x00007ffb11e90000 - 0x00007ffb11fb3000 	C:\WINDOWS\System32\RPCRT4.dll
0x00007ffb10920000 - 0x00007ffb10947000 	C:\WINDOWS\System32\bcrypt.dll
0x00007ffb128c0000 - 0x00007ffb12a5f000 	C:\WINDOWS\System32\USER32.dll
0x00007ffb10280000 - 0x00007ffb102a2000 	C:\WINDOWS\System32\win32u.dll
0x00007ffb043e0000 - 0x00007ffb0467a000 	C:\WINDOWS\WinSxS\amd64_microsoft.windows.common-controls_6595b64144ccf1df_6.0.19041.3636_none_60b6a03d71f818d5\COMCTL32.dll
0x00007ffb11620000 - 0x00007ffb1164b000 	C:\WINDOWS\System32\GDI32.dll
0x00007ffb10800000 - 0x00007ffb10917000 	C:\WINDOWS\System32\gdi32full.dll
0x00007ffb10760000 - 0x00007ffb107fd000 	C:\WINDOWS\System32\msvcp_win.dll
0x00007ffb07450000 - 0x00007ffb0745a000 	C:\WINDOWS\SYSTEM32\VERSION.dll
0x00007ffb122a0000 - 0x00007ffb122d2000 	C:\WINDOWS\System32\IMM32.DLL
0x00007ffb0b590000 - 0x00007ffb0b59c000 	C:\Program Files\Java\jdk-18.0.2.1\bin\vcruntime140_1.dll
0x00007ffaffb60000 - 0x00007ffaffbed000 	C:\Program Files\Java\jdk-18.0.2.1\bin\msvcp140.dll
0x00007ffa95660000 - 0x00007ffa96271000 	C:\Program Files\Java\jdk-18.0.2.1\bin\server\jvm.dll
0x00007ffb11fc0000 - 0x00007ffb11fc8000 	C:\WINDOWS\System32\PSAPI.DLL
0x00007ffaf1db0000 - 0x00007ffaf1db9000 	C:\WINDOWS\SYSTEM32\WSOCK32.dll
0x00007ffb03e20000 - 0x00007ffb03e47000 	C:\WINDOWS\SYSTEM32\WINMM.dll
0x00007ffb11dc0000 - 0x00007ffb11e2b000 	C:\WINDOWS\System32\WS2_32.dll
0x00007ffb0e130000 - 0x00007ffb0e142000 	C:\WINDOWS\SYSTEM32\kernel.appcore.dll
0x00007ffb09860000 - 0x00007ffb0986a000 	C:\Program Files\Java\jdk-18.0.2.1\bin\jimage.dll
0x00007ffb06560000 - 0x00007ffb06744000 	C:\WINDOWS\SYSTEM32\DBGHELP.DLL
0x00007ffb06500000 - 0x00007ffb06534000 	C:\WINDOWS\SYSTEM32\dbgcore.DLL
0x00007ffb10b70000 - 0x00007ffb10bf2000 	C:\WINDOWS\System32\bcryptPrimitives.dll
0x00007ffaffa80000 - 0x00007ffaffaa5000 	C:\Program Files\Java\jdk-18.0.2.1\bin\java.dll
0x00007ffae8530000 - 0x00007ffae8606000 	C:\Program Files\Java\jdk-18.0.2.1\bin\jsvml.dll
0x00007ffb11650000 - 0x00007ffb11dbb000 	C:\WINDOWS\System32\SHELL32.dll
0x00007ffb0e330000 - 0x00007ffb0eace000 	C:\WINDOWS\SYSTEM32\windows.storage.dll
0x00007ffb10d70000 - 0x00007ffb110c3000 	C:\WINDOWS\System32\combase.dll
0x00007ffb0fbe0000 - 0x00007ffb0fc0e000 	C:\WINDOWS\SYSTEM32\Wldp.dll
0x00007ffb11190000 - 0x00007ffb1125d000 	C:\WINDOWS\System32\OLEAUT32.dll
0x00007ffb10c00000 - 0x00007ffb10cad000 	C:\WINDOWS\System32\SHCORE.dll
0x00007ffb12140000 - 0x00007ffb12195000 	C:\WINDOWS\System32\shlwapi.dll
0x00007ffb101b0000 - 0x00007ffb101d3000 	C:\WINDOWS\SYSTEM32\profapi.dll
0x00007ffad7820000 - 0x00007ffad79af000 	C:\Program Files\Java\jdk-18.0.2.1\bin\awt.dll
0x00007ffb0da80000 - 0x00007ffb0db10000 	C:\WINDOWS\SYSTEM32\apphelp.dll
0x00007ffb0df50000 - 0x00007ffb0df7f000 	C:\WINDOWS\system32\DWMAPI.DLL
0x00007ffb0dc60000 - 0x00007ffb0dcfe000 	C:\WINDOWS\system32\uxtheme.dll
0x00007ffa9d1a0000 - 0x00007ffa9d2c5000 	C:\WINDOWS\system32\opengl32.dll
0x00007ffae4c40000 - 0x00007ffae4c6c000 	C:\WINDOWS\SYSTEM32\GLU32.dll
0x00007ffb11500000 - 0x00007ffb11615000 	C:\WINDOWS\System32\MSCTF.dll
0x00007ffb12a60000 - 0x00007ffb12b8b000 	C:\WINDOWS\System32\ole32.dll
0x00007ffae44c0000 - 0x00007ffae468d000 	C:\WINDOWS\system32\d3d9.dll
0x00007ffb06440000 - 0x00007ffb064fe000 	C:\WINDOWS\System32\DriverStore\FileRepository\nvmdi.inf_amd64_5709e141414310f9\nvldumdx.dll
0x00007ffb0fd70000 - 0x00007ffb0fd82000 	C:\WINDOWS\SYSTEM32\msasn1.dll
0x00007ffb07140000 - 0x00007ffb07171000 	C:\WINDOWS\SYSTEM32\cryptnet.dll
0x00007ffb10a10000 - 0x00007ffb10b6e000 	C:\WINDOWS\System32\CRYPT32.dll
0x00007ffb07d60000 - 0x00007ffb07ea8000 	C:\WINDOWS\SYSTEM32\drvstore.dll
0x00007ffb0ff40000 - 0x00007ffb0ff73000 	C:\WINDOWS\SYSTEM32\devobj.dll
0x00007ffb109c0000 - 0x00007ffb10a0e000 	C:\WINDOWS\System32\cfgmgr32.dll
0x00007ffb0fb50000 - 0x00007ffb0fb5c000 	C:\WINDOWS\SYSTEM32\cryptbase.dll
0x00007ffb10950000 - 0x00007ffb109b7000 	C:\WINDOWS\System32\wintrust.dll
0x00007ffb110d0000 - 0x00007ffb110ed000 	C:\WINDOWS\System32\imagehlp.dll
0x00007ffb0fb30000 - 0x00007ffb0fb48000 	C:\WINDOWS\SYSTEM32\CRYPTSP.dll
0x00007ffb0f260000 - 0x00007ffb0f294000 	C:\WINDOWS\system32\rsaenh.dll
0x00007ffb00390000 - 0x00007ffb025ae000 	C:\WINDOWS\System32\DriverStore\FileRepository\nvmdi.inf_amd64_5709e141414310f9\nvgpucomp64.dll
0x00007ffaa28f0000 - 0x00007ffaa4c9f000 	C:\WINDOWS\System32\DriverStore\FileRepository\nvmdi.inf_amd64_5709e141414310f9\nvd3dumx.dll
0x00007ffaa0b90000 - 0x00007ffaa0e60000 	C:\WINDOWS\system32\nvspcap64.dll
0x00007ffb0f3a0000 - 0x00007ffb0f3d3000 	C:\WINDOWS\SYSTEM32\ntmarta.dll
0x00007ffb0eae0000 - 0x00007ffb0eb03000 	C:\WINDOWS\SYSTEM32\gpapi.dll
0x00007ffb0b190000 - 0x00007ffb0b1cb000 	C:\WINDOWS\SYSTEM32\dxcore.dll
0x00007ffafedb0000 - 0x00007ffafee36000 	C:\Program Files\Java\jdk-18.0.2.1\bin\freetype.dll
0x00007ffafec20000 - 0x00007ffafecc8000 	C:\Program Files\Java\jdk-18.0.2.1\bin\fontmanager.dll
0x00007ffb09000000 - 0x00007ffb09013000 	C:\Program Files\Java\jdk-18.0.2.1\bin\net.dll
0x00007ffb099a0000 - 0x00007ffb09aaa000 	C:\WINDOWS\SYSTEM32\WINHTTP.dll
0x00007ffb0f940000 - 0x00007ffb0f9aa000 	C:\WINDOWS\system32\mswsock.dll
0x00007ffafffd0000 - 0x00007ffafffe6000 	C:\Program Files\Java\jdk-18.0.2.1\bin\nio.dll
0x00007ffb10cb0000 - 0x00007ffb10d59000 	C:\WINDOWS\System32\clbcatq.dll
0x00007ffb09e40000 - 0x00007ffb09ff4000 	C:\WINDOWS\SYSTEM32\WindowsCodecs.dll
0x00007ffaf4c60000 - 0x00007ffaf4c9e000 	C:\WINDOWS\system32\dataexchange.dll
0x00007ffb0cea0000 - 0x00007ffb0d085000 	C:\WINDOWS\system32\dcomp.dll
0x00007ffb0bf60000 - 0x00007ffb0c1c3000 	C:\WINDOWS\system32\d3d11.dll
0x00007ffb0ec30000 - 0x00007ffb0ed23000 	C:\WINDOWS\system32\dxgi.dll
0x00007ffb0a500000 - 0x00007ffb0a703000 	C:\WINDOWS\system32\twinapi.appcore.dll
0x00007ffb09750000 - 0x00007ffb09849000 	C:\WINDOWS\SYSTEM32\textinputframework.dll
0x00007ffb0d410000 - 0x00007ffb0d76b000 	C:\WINDOWS\System32\CoreUIComponents.dll
0x00007ffb0d770000 - 0x00007ffb0d862000 	C:\WINDOWS\System32\CoreMessaging.dll
0x00007ffb0cd40000 - 0x00007ffb0ce97000 	C:\WINDOWS\SYSTEM32\wintypes.dll

dbghelp: loaded successfully - version: 4.0.5 - missing functions: none
symbol engine: initialized successfully - sym options: 0x614 - pdb path: .;C:\Program Files\Java\jdk-18.0.2.1\bin;C:\WINDOWS\SYSTEM32;C:\WINDOWS\WinSxS\amd64_microsoft.windows.common-controls_6595b64144ccf1df_6.0.19041.3636_none_60b6a03d71f818d5;C:\Program Files\Java\jdk-18.0.2.1\bin\server;C:\WINDOWS\System32\DriverStore\FileRepository\nvmdi.inf_amd64_5709e141414310f9

VM Arguments:
jvm_args: -Dfile.encoding=UTF-8 -Dstdout.encoding=UTF-8 -Dstderr.encoding=UTF-8 -XX:+ShowCodeDetailsInExceptionMessages 
java_command: TimeTableTestRunner
java_class_path (initial): C:\Users\User\Desktop\SchedulingCS140
Launcher Type: SUN_STANDARD

[Global flags]
     intx CICompilerCount                          = 12                                        {product} {ergonomic}
     uint ConcGCThreads                            = 3                                         {product} {ergonomic}
     uint G1ConcRefinementThreads                  = 13                                        {product} {ergonomic}
   size_t G1HeapRegionSize                         = 4194304                                   {product} {ergonomic}
    uintx GCDrainStackTargetSize                   = 64                                        {product} {ergonomic}
   size_t InitialHeapSize                          = 536870912                                 {product} {ergonomic}
   size_t MarkStackSize                            = 4194304                                   {product} {ergonomic}
   size_t MaxHeapSize                              = 8543797248                                {product} {ergonomic}
   size_t MaxNewSize                               = 5125439488                                {product} {ergonomic}
   size_t MinHeapDeltaBytes                        = 4194304                                   {product} {ergonomic}
   size_t MinHeapSize                              = 8388608                                   {product} {ergonomic}
    uintx NonNMethodCodeHeapSize                   = 7602480                                {pd product} {ergonomic}
    uintx NonProfiledCodeHeapSize                  = 122027880                              {pd product} {ergonomic}
    uintx ProfiledCodeHeapSize                     = 122027880                              {pd product} {ergonomic}
    uintx ReservedCodeCacheSize                    = 251658240                              {pd product} {ergonomic}
     bool SegmentedCodeCache                       = true                                      {product} {ergonomic}
     bool ShowCodeDetailsInExceptionMessages       = true                                   {manageable} {command line}
   size_t SoftMaxHeapSize                          = 8543797248                             {manageable} {ergonomic}
     bool UseCompressedClassPointers               = true                           {product lp64_product} {ergonomic}
     bool UseCompressedOops                        = true                           {product lp64_product} {ergonomic}
     bool UseG1GC                                  = true                                      {product} {ergonomic}
     bool UseLargePagesIndividualAllocation        = false                                  {pd product} {ergonomic}

Logging:
Log output configuration:
 #0: stdout all=warning uptime,level,tags foldmultilines=false
 #1: stderr all=off uptime,level,tags foldmultilines=false

Environment Variables:
PATH=C:/Program Files/Java/jdk-18.0.2.1/bin/server;C:/Program Files/Java/jdk-18.0.2.1/bin;C:/Users/User/AppData/Local/Temp/eoi3F2B.tmp//plugins/org.eclipse.justj.openjdk.hotspot.jre.minimal.stripped.win32.x86_64_17.0.10.v20240120-1143/jre/bin/server;C:/Users/User/AppData/Local/Temp/eoi3F2B.tmp//plugins/org.eclipse.justj.openjdk.hotspot.jre.minimal.stripped.win32.x86_64_17.0.10.v20240120-1143/jre/bin;C:\Program Files (x86)\Google\Chrome\Application;C:\Program Files\Common Files\Oracle\Java\javapath;C:\Python310\Scripts\;C:\Python310\;C:\ProgramData\Oracle\Java\javapath;C:\Program Files (x86)\Common Files\Oracle\Java\javapath;C:\Program Files (x86)\Intel\iCLS Client\;C:\Program Files\Intel\iCLS Client\;C:\Windows\system32;C:\Windows;C:\Windows\System32\Wbem;C:\Windows\System32\WindowsPowerShell\v1.0\;C:\Program Files (x86)\NVIDIA Corporation\PhysX\Common;C:\Program Files (x86)\Intel\Intel(R) Management Engine Components\DAL;C:\Program Files\Intel\Intel(R) Management Engine Components\DAL;C:\Program Files (x86)\Intel\Intel(R) Management Engine Components\IPT;C:\Program Files\Intel\Intel(R) Management Engine Components\IPT;C:\WINDOWS\system32;C:\WINDOWS;C:\WINDOWS\System32\Wbem;C:\WINDOWS\System32\WindowsPowerShell\v1.0\;C:\WINDOWS\System32\OpenSSH\;C:\Program Files\dotnet\;C:\WINDOWS\system32;C:\WINDOWS;C:\WINDOWS\System32\Wbem;C:\WINDOWS\System32\WindowsPowerShell\v1.0\;C:\WINDOWS\System32\OpenSSH\;C:\Program Files\Microsoft SQL Server\Client SDK\ODBC\170\Tools\Binn\;C:\Program Files (x86)\Microsoft SQL Server\150\Tools\Binn\;C:\Program Files\Microsoft SQL Server\150\Tools\Binn\;C:\Program Files\Microsoft SQL Server\150\DTS\Binn\;C:\Program Files (x86)\dotnet\;C:\Program Files\Microsoft SQL Server\130\Tools\Binn\;C:\Program Files (x86)\Microsoft SQL Server\150\DTS\Binn\;C:\Program Files\Azure Data Studio\bin;C:\ProgramData\chocolatey\bin;C:\Program Files\NVIDIA Corporation\NVIDIA NvDLISR;C:\Program Files\Git\cmd;C:\Program Files\nodejs\;C:\Users\User\AppData\Local\Microsoft\WindowsApps;D:\Microsoft VS Code\bin;C:\Users\User\.dotnet\tools;C:\Program Files\Azure Data Studio\bin;C:\Users\User\AppData\Local\Programs\MiKTeX\miktex\bin\x64\;C:\Program Files\JetBrains\IntelliJ IDEA 2022.1\bin;;C:\Program Files\Java\jdk-18.0.2.1\bin;C:\Users\User\AppData\Local\Programs\Microsoft VS Code\bin;C:\Users\User\AppData\Roaming\npm;C:\Users\User\Downloads;;C:\Users\User\Downloads;
USERNAME=Hrach
OS=Windows_NT
PROCESSOR_IDENTIFIER=Intel64 Family 6 Model 183 Stepping 1, GenuineIntel



---------------  S Y S T E M  ---------------

OS:
 Windows 10 , 64 bit Build 19041 (10.0.19041.3636)
OS uptime: 7 days 0:15 hours

CPU: total 16 (initial active 16) (12 cores per cpu, 2 threads per core) family 6 model 183 stepping 1 microcode 0x10e, cx8, cmov, fxsr, ht, mmx, 3dnowpref, sse, sse2, sse3, ssse3, sse4.1, sse4.2, popcnt, lzcnt, tsc, tscinvbit, avx, avx2, aes, erms, clmul, bmi1, bmi2, adx, sha, fma, vzeroupper, clflush, clflushopt, clwb, serialize

Memory: 4k page, system-wide physical 32581M (22175M free)
TotalPageFile size 34629M (AvailPageFile size 20975M)
current process WorkingSet (physical memory assigned to process): 458M, peak: 464M
current process commit charge ("private bytes"): 822M, peak: 828M

vm_info: Java HotSpot(TM) 64-Bit Server VM (18.0.2.1+1-1) for windows-amd64 JRE (18.0.2.1+1-1), built on Aug 16 2022 01:46:33 by "mach5one" with MS VC++ 16.8 / 16.9 (VS2019)

END.
